#
# There is insufficient memory for the Java Runtime Environment to continue.
# Native memory allocation (malloc) failed to allocate 1048576 bytes for AllocateHeap
# Possible reasons:
#   The system is out of physical RAM or swap space
#   The process is running with CompressedOops enabled, and the Java Heap may be blocking the growth of the native heap
# Possible solutions:
#   Reduce memory load on the system
#   Increase physical memory or swap space
#   Check if swap backing store is full
#   Decrease Java heap size (-Xmx/-Xms)
#   Decrease number of Java threads
#   Decrease Java thread stack sizes (-Xss)
#   Set larger code cache with -XX:ReservedCodeCacheSize=
#   JVM is running with Zero Based Compressed Oops mode in which the Java heap is
#     placed in the first 32GB address space. The Java Heap base address is the
#     maximum limit for the native heap growth. Please use -XX:HeapBaseMinAddress
#     to set the Java Heap base and to place the Java Heap above 32GB virtual address.
# This output file may be truncated or incomplete.
#
#  Out of Memory Error (memory/allocation.inline.hpp:61), pid=24140, tid=0x0000000000000fb4
#
# JRE version:  (8.0_192-b12) (build )
# Java VM: Java HotSpot(TM) 64-Bit Server VM (25.192-b12 mixed mode windows-amd64 compressed oops)
# Failed to write core dump. Minidumps are not enabled by default on client versions of Windows
#

---------------  T H R E A D  ---------------

Current thread (0x0000000002733800):  JavaThread "Unknown thread" [_thread_in_vm, id=4020, stack(0x0000000002460000,0x0000000002560000)]

Stack: [0x0000000002460000,0x0000000002560000]
[error occurred during error reporting (printing stack bounds), id 0xc0000005]

Native frames: (J=compiled Java code, j=interpreted, Vv=VM code, C=native code)


---------------  P R O C E S S  ---------------

Java Threads: ( => current thread )

Other Threads:

=>0x0000000002733800 (exited) JavaThread "Unknown thread" [_thread_in_vm, id=4020, stack(0x0000000002460000,0x0000000002560000)]

VM state:not at safepoint (normal execution)

VM Mutex/Monitor currently owned by a thread: None

heap address: 0x00000006c3000000, size: 4048 MB, Compressed Oops mode: Zero based, Oop shift amount: 3
Narrow klass base: 0x0000000000000000, Narrow klass shift: 3
Compressed class space size: 1073741824 Address: 0x00000007c0000000

Heap:
 PSYoungGen      total 75776K, used 1300K [0x000000076bb00000, 0x0000000770f80000, 0x00000007c0000000)
  eden space 65024K, 2% used [0x000000076bb00000,0x000000076bc451f8,0x000000076fa80000)
  from space 10752K, 0% used [0x0000000770500000,0x0000000770500000,0x0000000770f80000)
  to   space 10752K, 0% used [0x000000076fa80000,0x000000076fa80000,0x0000000770500000)
 ParOldGen       total 173568K, used 0K [0x00000006c3000000, 0x00000006cd980000, 0x000000076bb00000)
  object space 173568K, 0% used [0x00000006c3000000,0x00000006c3000000,0x00000006cd980000)
 Metaspace       used 775K, capacity 4480K, committed 4480K, reserved 1056768K
  class space    used 76K, capacity 384K, committed 384K, reserved 1048576K

Card table byte_map: [0x0000000011bf0000,0x00000000123e0000] byte_map_base: 0x000000000e5d8000

Marking Bits: (ParMarkBitMap*) 0x0000000050fd3ce0
 Begin Bits: [0x0000000013130000, 0x0000000017070000)
 End Bits:   [0x0000000017070000, 0x000000001afb0000)

Polling page: 0x0000000000b00000

CodeCache: size=245760Kb used=328Kb max_used=328Kb free=245431Kb
 bounds [0x0000000002830000, 0x0000000002aa0000, 0x0000000011830000]
 total_blobs=58 nmethods=0 adapters=38
 compilation: enabled

Compilation events (0 events):
No events

GC Heap History (0 events):
No events

Deoptimization events (0 events):
No events

Classes redefined (0 events):
No events

Internal exceptions (0 events):
No events

Events (10 events):
Event: 0.128 loading class java/lang/Short
Event: 0.128 loading class java/lang/Short done
Event: 0.128 loading class java/lang/Integer
Event: 0.129 loading class java/lang/Integer done
Event: 0.129 loading class java/lang/Long
Event: 0.130 loading class java/lang/Long done
Event: 0.131 loading class java/lang/NullPointerException
Event: 0.131 loading class java/lang/NullPointerException done
Event: 0.131 loading class java/lang/ArithmeticException
Event: 0.131 loading class java/lang/ArithmeticException done


Dynamic libraries:
0x00007ff7b1360000 - 0x00007ff7b1397000 	C:\Program Files\Java\jdk1.8.0_192\bin\java.exe
0x00007ffeb13f0000 - 0x00007ffeb15e8000 	C:\WINDOWS\SYSTEM32\ntdll.dll
0x00007ffeaf9e0000 - 0x00007ffeafa9d000 	C:\WINDOWS\System32\KERNEL32.DLL
0x00007ffeaf070000 - 0x00007ffeaf366000 	C:\WINDOWS\System32\KERNELBASE.dll
0x00007ffeb0160000 - 0x00007ffeb0210000 	C:\WINDOWS\System32\ADVAPI32.dll
0x00007ffeafd10000 - 0x00007ffeafdae000 	C:\WINDOWS\System32\msvcrt.dll
0x00007ffeaff10000 - 0x00007ffeaffb0000 	C:\WINDOWS\System32\sechost.dll
0x00007ffeaffb0000 - 0x00007ffeb00d5000 	C:\WINDOWS\System32\RPCRT4.dll
0x00007ffeaeaa0000 - 0x00007ffeaeac7000 	C:\WINDOWS\System32\bcrypt.dll
0x00007ffeafaa0000 - 0x00007ffeafc3e000 	C:\WINDOWS\System32\USER32.dll
0x00007ffeaeea0000 - 0x00007ffeaeec2000 	C:\WINDOWS\System32\win32u.dll
0x00007ffeb0130000 - 0x00007ffeb015b000 	C:\WINDOWS\System32\GDI32.dll
0x00007ffeaebd0000 - 0x00007ffeaece7000 	C:\WINDOWS\System32\gdi32full.dll
0x00007ffeaef60000 - 0x00007ffeaeffd000 	C:\WINDOWS\System32\msvcp_win.dll
0x00007ffeaead0000 - 0x00007ffeaebd0000 	C:\WINDOWS\System32\ucrtbase.dll
0x00007ffe879d0000 - 0x00007ffe87c6a000 	C:\WINDOWS\WinSxS\amd64_microsoft.windows.common-controls_6595b64144ccf1df_6.0.19041.3636_none_60b6a03d71f818d5\COMCTL32.dll
0x00007ffeb00e0000 - 0x00007ffeb0112000 	C:\WINDOWS\System32\IMM32.DLL
0x0000000000630000 - 0x0000000000644000 	C:\WINDOWS\System32\umppc18110.dll
0x00007ffeae320000 - 0x00007ffeae430000 	C:\Program Files\Avecto\Privilege Guard Client\PGHook.dll
0x0000000051060000 - 0x0000000051131000 	C:\Program Files\Java\jdk1.8.0_192\jre\bin\msvcr100.dll
0x00000000507b0000 - 0x0000000051053000 	C:\Program Files\Java\jdk1.8.0_192\jre\bin\server\jvm.dll
0x00007ffeb0120000 - 0x00007ffeb0128000 	C:\WINDOWS\System32\PSAPI.DLL
0x00007ffe86a50000 - 0x00007ffe86a59000 	C:\WINDOWS\SYSTEM32\WSOCK32.dll
0x00007ffeb1180000 - 0x00007ffeb11eb000 	C:\WINDOWS\System32\WS2_32.dll
0x00007ffe971a0000 - 0x00007ffe971c7000 	C:\WINDOWS\SYSTEM32\WINMM.dll
0x00007ffea4fe0000 - 0x00007ffea4fea000 	C:\WINDOWS\SYSTEM32\VERSION.dll
0x00007ffe9a5e0000 - 0x00007ffe9a5ef000 	C:\Program Files\Java\jdk1.8.0_192\jre\bin\verify.dll
0x00007ffe83080000 - 0x00007ffe830a9000 	C:\Program Files\Java\jdk1.8.0_192\jre\bin\java.dll
0x00007ffe87950000 - 0x00007ffe87973000 	C:\Program Files\Java\jdk1.8.0_192\jre\bin\instrument.dll
0x00007ffe90080000 - 0x00007ffe90096000 	C:\Program Files\Java\jdk1.8.0_192\jre\bin\zip.dll

VM Arguments:
jvm_args: -Dmaven.multiModuleProjectDirectory=C:\MyProjects\kafka-test -Dmaven.home=C:\Program Files\JetBrains\IntelliJ IDEA Community Edition 2021.2.3\plugins\maven\lib\maven3 -Dclassworlds.conf=C:\Program Files\JetBrains\IntelliJ IDEA Community Edition 2021.2.3\plugins\maven\lib\maven3\bin\m2.conf -Dmaven.ext.class.path=C:\Program Files\JetBrains\IntelliJ IDEA Community Edition 2021.2.3\plugins\maven\lib\maven-event-listener.jar -javaagent:C:\Program Files\JetBrains\IntelliJ IDEA Community Edition 2021.2.3\lib\idea_rt.jar=65083:C:\Program Files\JetBrains\IntelliJ IDEA Community Edition 2021.2.3\bin -Dfile.encoding=UTF-8 
java_command: org.codehaus.classworlds.Launcher -Didea.version=2021.2.3 install
java_class_path (initial): C:\Program Files\JetBrains\IntelliJ IDEA Community Edition 2021.2.3\plugins\maven\lib\maven3\boot\plexus-classworlds-2.6.0.jar;C:\Program Files\JetBrains\IntelliJ IDEA Community Edition 2021.2.3\plugins\maven\lib\maven3\boot\plexus-classworlds.license;C:\Program Files\JetBrains\IntelliJ IDEA Community Edition 2021.2.3\lib\idea_rt.jar
Launcher Type: SUN_STANDARD

Environment Variables:
JAVA_HOME=C:\Program Files\Java\jdk1.8.0_192
JRE_HOME=C:\Program Files\Java\jre1.8.0_192
CLASSPATH=C:\Tomcat\apache-tomcat-9.0.41\bin\bootstrap.jar;C:\Tomcat\apache-tomcat-9.0.41\bin\tomcat-juli.jar;
PATH=C:\Python38\Scripts\;C:\Python38\;C:\Program Files\Java\jdk1.8.0_192\bin\bin;%MVN_HOME%\bin;C:\Program Files\Eclipse Adoptium\jdk-8.0.322.6-hotspot\bin;C:\Program Files\Common Files\Oracle\Java\javapath;C:\Program Files (x86)\Common Files\Oracle\Java\javapath;C:\WINDOWS\system32;C:\WINDOWS;C:\WINDOWS\System32\Wbem;C:\WINDOWS\System32\WindowsPowerShell\v1.0\;C:\WINDOWS\System32\OpenSSH\;C:\Program Files\nodejs;C:\ProgramData\chocolatey\bin;C:\Program Files\Git\cmd;C:\Tomcat\apache-tomcat-9.0.41\bin;C:\Consul\;C:\Program Files\OracleJDK8\jdk1.8.0_192\bin;C:\ProgramData\chocolatey\lib\maven\apache-maven-3.6.3\bin;C:\Tomcat\apache-tomcat-9.0.41\bin;C:\Program Files\MySQL\MySQL Shell 8.0\bin\;C:\Users\iouahran\AppData\Local\Programs\Enthought\edm\;C:\Users\iouahran\AppData\Local\Microsoft\WindowsApps;C:\Program Files (x86)\heroku\bin;C:\spark-3.0.0-bin-hadoop3.2\bin;C:\Users\iouahran\AppData\Local\Programs\Git\cmd;C:\Users\iouahran\AppData\Local\Programs\MiKTeX\miktex\bin\x64\;C:\Program Files\Multipass\bin;C:\Users\iouahran\development\sdks\flutter\bin;C:\Users\iouahran\AppData\Local\Programs\Microsoft VS Code\bin;C:\tools\dart-sdk\bin;C:\Users\iouahran\AppData\Roaming\Pub\Cache\bin;C:\Program Files\Java\jdk-11.0.13;C:\Program Files\node-v16.14.0-win-x86;C:\tools;
USERNAME=iouahran
OS=Windows_NT
PROCESSOR_IDENTIFIER=Intel64 Family 6 Model 142 Stepping 12, GenuineIntel



---------------  S Y S T E M  ---------------

OS: Windows 10.0 , 64 bit Build 19041 (10.0.19041.3636)

CPU:total 8 (initial active 8) (4 cores per cpu, 2 threads per core) family 6 model 142 stepping 12, cmov, cx8, fxsr, mmx, sse, sse2, sse3, ssse3, sse4.1, sse4.2, popcnt, avx, avx2, aes, clmul, erms, 3dnowpref, lzcnt, ht, tsc, tscinvbit, bmi1, bmi2, adx

Memory: 4k page, physical 16578848k(1227336k free), swap 24830912k(6052k free)

vm_info: Java HotSpot(TM) 64-Bit Server VM (25.192-b12) for windows-amd64 JRE (1.8.0_192-b12), built on Oct  6 2018 17:12:23 by "java_re" with MS VC++ 10.0 (VS2010)

time: Mon Apr 08 10:43:23 2024
timezone: Paris, Madrid (heure d’été)
elapsed time: 0 seconds (0d 0h 0m 0s)

